D:\POLITECH\CG\CG-LAB-1\CG-LAB-1\DEBUG\BOOST-TEST.CPP.NATIVECODEANALYSIS.XML
D:\POLITECH\CG\CG-LAB-1\CG-LAB-1\DEBUG\BOOST-TEST.OBJ
D:\POLITECH\CG\CG-LAB-1\CG-LAB-1\DEBUG\VC110.PDB
D:\POLITECH\CG\CG-LAB-1\CG-LAB-1\DEBUG\GLUTSCENE.CPP.NATIVECODEANALYSIS.XML
D:\POLITECH\CG\CG-LAB-1\CG-LAB-1\DEBUG\GLUTSCENE.OBJ
D:\POLITECH\CG\CG-LAB-1\CG-LAB-1\DEBUG\MAIN.CPP.NATIVECODEANALYSIS.XML
D:\POLITECH\CG\CG-LAB-1\CG-LAB-1\DEBUG\MAIN.OBJ
D:\POLITECH\CG\CG-LAB-1\CG-LAB-1\DEBUG\PUGIXML.CPP.NATIVECODEANALYSIS.XML
D:\POLITECH\CG\CG-LAB-1\CG-LAB-1\DEBUG\PUGIXML.OBJ
D:\politech\CG\cg-lab-1\cg-lab-1\Debug\boost-test.obj
D:\politech\CG\cg-lab-1\cg-lab-1\Debug\glutScene.obj
D:\politech\CG\cg-lab-1\cg-lab-1\Debug\main.obj
D:\politech\CG\cg-lab-1\cg-lab-1\Debug\pugixml.obj
D:\politech\CG\cg-lab-1\cg-lab-1\Debug\cl.command.1.tlog
D:\politech\CG\cg-lab-1\cg-lab-1\Debug\CL.read.1.tlog
D:\politech\CG\cg-lab-1\cg-lab-1\Debug\CL.write.1.tlog
D:\politech\CG\cg-lab-1\cg-lab-1\Debug\vc110.idb
D:\politech\CG\cg-lab-1\cg-lab-1\Debug\vc110.pdb
D:\politech\CG\cg-lab-1\cg-lab-1\Debug\boost-test.cpp.nativecodeanalysis.xml
D:\politech\CG\cg-lab-1\cg-lab-1\Debug\glutScene.cpp.nativecodeanalysis.xml
D:\politech\CG\cg-lab-1\cg-lab-1\Debug\main.cpp.nativecodeanalysis.xml
D:\politech\CG\cg-lab-1\cg-lab-1\Debug\pugixml.cpp.nativecodeanalysis.xml
